{"/Users/victorcarli/Documents/github/arquivei-challenge/src/sum.js": {"path":"/Users/victorcarli/Documents/github/arquivei-challenge/src/sum.js","statementMap":{},"fnMap":{"0":{"name":"(anonymous_0)","decl":{"start":{"line":1,"column":15},"end":{"line":1,"column":16}},"loc":{"start":{"line":1,"column":21},"end":{"line":1,"column":23}},"line":1}},"branchMap":{},"s":{},"f":{"0":0},"b":{},"_coverageSchema":"43e27e138ebf9cfc5966b082cf9a028302ed4184","hash":"c2a5005af67cc9cd42e0483476c2d23d2780ea50"}
}
